[06:47:10] [ServerMain/INFO]: [bootstrap] Running Java 24 (Java HotSpot(TM) 64-Bit Server VM 24.0.1+9-30; Oracle Corporation null) on Windows 11 10.0 (amd64)
[06:47:10] [ServerMain/INFO]: [bootstrap] Loading Paper 1.21.4-177-main@e5a8ee8 (2025-02-21T11:12:22Z) for Minecraft 1.21.4
[06:47:11] [ServerMain/INFO]: [PluginInitializerManager] Initializing plugins...
[06:47:11] [ServerMain/INFO]: [PluginInitializerManager] Initialized 0 plugins
[06:47:14] [ServerMain/INFO]: Environment: Environment[sessionHost=https://sessionserver.mojang.com, servicesHost=https://api.minecraftservices.com, name=PROD]
[06:47:15] [ServerMain/INFO]: Loaded 1370 recipes
[06:47:15] [ServerMain/INFO]: Loaded 1481 advancements
[06:47:15] [ServerMain/INFO]: [MCTypeRegistry] Initialising converters for DataConverter...
[06:47:15] [ServerMain/INFO]: [MCTypeRegistry] Finished initialising converters for DataConverter in 125.0ms
[06:47:15] [Server thread/INFO]: Starting minecraft server version 1.21.4
[06:47:15] [Server thread/INFO]: Loading properties
[06:47:15] [Server thread/INFO]: This server is running Paper version 1.21.4-177-main@e5a8ee8 (2025-02-21T11:12:22Z) (Implementing API version 1.21.4-R0.1-SNAPSHOT)
[06:47:15] [Server thread/INFO]: [spark] This server bundles the spark profiler. For more information please visit https://docs.papermc.io/paper/profiling
[06:47:15] [Server thread/INFO]: Using 4 threads for Netty based IO
[06:47:15] [Server thread/INFO]: Server Ping Player Sample Count: 12
[06:47:16] [Server thread/INFO]: [MoonriseCommon] Paper is using 4 worker threads, 1 I/O threads
[06:47:16] [Server thread/INFO]: [ChunkTaskScheduler] Chunk system is using population gen parallelism: true
[06:47:16] [Server thread/INFO]: Default game type: SURVIVAL
[06:47:16] [Server thread/INFO]: Generating keypair
[06:47:16] [Server thread/INFO]: Starting Minecraft server on *:25565
[06:47:16] [Server thread/INFO]: Using default channel type
[06:47:16] [Server thread/INFO]: Paper: Using Java compression from Velocity.
[06:47:16] [Server thread/INFO]: Paper: Using Java cipher from Velocity.
[06:47:16] [Server thread/INFO]: Server permissions file permissions.yml is empty, ignoring it
[06:47:16] [Server thread/INFO]: Preparing level "world"
[06:47:16] [Server thread/INFO]: Preparing start region for dimension minecraft:overworld
[06:47:17] [Server thread/INFO]: Preparing spawn area: 0%
[06:47:17] [Server thread/INFO]: Preparing spawn area: 2%
[06:47:17] [Server thread/INFO]: Time elapsed: 564 ms
[06:47:17] [Server thread/INFO]: Preparing start region for dimension minecraft:the_nether
[06:47:17] [Server thread/INFO]: Preparing spawn area: 0%
[06:47:17] [Server thread/INFO]: Time elapsed: 44 ms
[06:47:17] [Server thread/INFO]: Preparing start region for dimension minecraft:the_end
[06:47:17] [Server thread/INFO]: Preparing spawn area: 0%
[06:47:17] [Server thread/INFO]: Time elapsed: 52 ms
[06:47:17] [Server thread/INFO]: [spark] Starting background profiler...
[06:47:17] [Server thread/INFO]: [spark] The async-profiler engine is not supported for your os/arch (windows11/amd64), so the built-in Java engine will be used instead.
[06:47:17] [Server thread/INFO]: Done preparing level "world" (1.116s)
[06:47:17] [Server thread/INFO]: Starting GS4 status listener
[06:47:17] [Server thread/INFO]: Thread Query Listener started
[06:47:17] [Server thread/INFO]: Starting remote control listener
[06:47:17] [Query Listener #1/INFO]: Query running on 0.0.0.0:25565
[06:47:17] [Server thread/INFO]: Thread RCON Listener started
[06:47:17] [Server thread/INFO]: RCON running on 0.0.0.0:25575
[06:47:17] [Server thread/INFO]: Running delayed init tasks
[06:47:17] [Server thread/INFO]: Done (7.611s)! For help, type "help"
[06:47:17] [Server thread/INFO]: Stopping the server
[06:47:17] [Server thread/INFO]: Stopping server
[06:47:17] [Server thread/INFO]: Saving players
[06:47:17] [Server thread/INFO]: Saving worlds
[06:47:17] [Server thread/INFO]: Saving chunks for level 'ServerLevel[world]'/minecraft:overworld
[06:47:17] [Server thread/INFO]: [ChunkHolderManager] Waiting 60s for chunk system to halt for world 'world'
[06:47:17] [Server thread/INFO]: [ChunkHolderManager] Halted chunk system for world 'world'
[06:47:17] [Server thread/INFO]: [ChunkHolderManager] Saving all chunkholders for world 'world'
[06:47:18] [Server thread/INFO]: [ChunkHolderManager] Saved 49 block chunks, 49 entity chunks, 0 poi chunks in world 'world' in 0.20s
[06:47:18] [Server thread/INFO]: [ChunkHolderManager] Waiting 60s for chunk I/O to halt for world 'world'
[06:47:18] [Server thread/INFO]: [ChunkHolderManager] Halted I/O scheduler for world 'world'
[06:47:18] [Server thread/INFO]: Saving chunks for level 'ServerLevel[world_nether]'/minecraft:the_nether
[06:47:18] [Server thread/INFO]: [ChunkHolderManager] Waiting 60s for chunk system to halt for world 'world_nether'
[06:47:18] [Server thread/INFO]: [ChunkHolderManager] Halted chunk system for world 'world_nether'
[06:47:18] [Server thread/INFO]: [ChunkHolderManager] Saving all chunkholders for world 'world_nether'
[06:47:18] [Server thread/INFO]: [ChunkHolderManager] Saved 49 block chunks, 49 entity chunks, 0 poi chunks in world 'world_nether' in 0.04s
[06:47:18] [Server thread/INFO]: [ChunkHolderManager] Waiting 60s for chunk I/O to halt for world 'world_nether'
[06:47:18] [Server thread/INFO]: [ChunkHolderManager] Halted I/O scheduler for world 'world_nether'
[06:47:18] [Server thread/INFO]: Saving chunks for level 'ServerLevel[world_the_end]'/minecraft:the_end
[06:47:18] [Server thread/INFO]: [ChunkHolderManager] Waiting 60s for chunk system to halt for world 'world_the_end'
[06:47:18] [Server thread/INFO]: [ChunkHolderManager] Halted chunk system for world 'world_the_end'
[06:47:18] [Server thread/INFO]: [ChunkHolderManager] Saving all chunkholders for world 'world_the_end'
[06:47:18] [Server thread/INFO]: [ChunkHolderManager] Saved 49 block chunks, 49 entity chunks, 0 poi chunks in world 'world_the_end' in 0.02s
[06:47:18] [Server thread/INFO]: [ChunkHolderManager] Waiting 60s for chunk I/O to halt for world 'world_the_end'
[06:47:18] [Server thread/INFO]: [ChunkHolderManager] Halted I/O scheduler for world 'world_the_end'
[06:47:18] [Server thread/INFO]: ThreadedAnvilChunkStorage (world): All chunks are saved
[06:47:18] [Server thread/INFO]: ThreadedAnvilChunkStorage (DIM-1): All chunks are saved
[06:47:18] [Server thread/INFO]: ThreadedAnvilChunkStorage (DIM1): All chunks are saved
[06:47:18] [Server thread/INFO]: ThreadedAnvilChunkStorage: All dimensions are saved
[06:47:18] [Server thread/INFO]: Waiting for I/O tasks to complete...
[06:47:18] [Server thread/INFO]: All I/O tasks to complete
[06:47:18] [Server thread/INFO]: [MoonriseCommon] Awaiting termination of worker pool for up to 60s...
[06:47:18] [Server thread/INFO]: [MoonriseCommon] Awaiting termination of I/O pool for up to 60s...
